14-02-2023 09:23:05.894 [main] INFO  c.c.automation.steps.CucumberHook.logStarting - Starting CucumberHook using Java 17.0.6 with PID 14652 (E:\Workspace\SBAFramework\build\classes\java\test started by Sai in E:\Workspace\SBAFramework)
14-02-2023 09:23:05.896 [main] INFO  c.c.automation.steps.CucumberHook.logStartupProfileInfo - No active profile set, falling back to 1 default profile: "default"
14-02-2023 09:23:07.330 [main] INFO  c.c.a.selenium.WebDriverFactory.initializeHeadlessRemoteChromeDriver - --- Initializing headless chrome driver ----
14-02-2023 09:23:10.795 [main] INFO  i.g.bonigarcia.wdm.WebDriverManager.resolveDriverVersion - Using chromedriver 110.0.5481.77 (resolved driver for Chrome 110)
14-02-2023 09:23:11.172 [main] INFO  i.g.bonigarcia.wdm.WebDriverManager.logSeekRepo - Reading https://chromedriver.storage.googleapis.com/ to seek chromedriver
14-02-2023 09:23:12.054 [main] INFO  i.g.bonigarcia.wdm.online.Downloader.downloadAndExtract - Downloading https://chromedriver.storage.googleapis.com/110.0.5481.77/chromedriver_win32.zip
14-02-2023 09:23:12.993 [main] INFO  i.g.bonigarcia.wdm.online.Downloader.extract - Extracting driver from compressed file chromedriver_win32.zip
14-02-2023 09:23:13.527 [main] INFO  i.g.bonigarcia.wdm.WebDriverManager.exportDriver - Exporting webdriver.chrome.driver as C:\Users\Sai\.cache\selenium\chromedriver\win32\110.0.5481.77\chromedriver.exe
14-02-2023 09:23:34.029 [main] WARN  o.o.s.devtools.CdpVersionFinder.findNearestMatch - Unable to find an exact match for CDP version 110, so returning the closest version found: 109
14-02-2023 09:23:34.904 [main] INFO  c.c.automation.steps.CucumberHook.logStarted - Started CucumberHook in 29.967 seconds (process running for 33.683)
14-02-2023 09:23:36.374 [main] INFO  c.c.a.l.CustomCucumberListener.scenarioStartedHandler - ********************************************************************
14-02-2023 09:23:36.375 [main] INFO  c.c.a.l.CustomCucumberListener.scenarioStartedHandler - Scenario [verify Login] started
14-02-2023 09:23:36.376 [main] INFO  c.c.a.l.CustomCucumberListener.scenarioStartedHandler - ********************************************************************
14-02-2023 09:23:36.382 [main] INFO  c.c.a.l.CustomCucumberListener.testStepStartedHandler - STEP [user open home page] STARTED
14-02-2023 09:23:46.543 [main] INFO  c.c.a.l.CustomCucumberListener.testStepFinishedHandler - STEP [user open home page] PASSED
14-02-2023 09:23:46.547 [main] INFO  c.c.a.l.CustomCucumberListener.testStepStartedHandler - STEP [user login to application] STARTED
14-02-2023 09:23:53.942 [main] INFO  c.c.a.l.CustomCucumberListener.testStepFinishedHandler - STEP [user login to application] PASSED
14-02-2023 09:23:53.944 [main] INFO  c.c.a.l.CustomCucumberListener.testStepStartedHandler - STEP [user verify if login successful] STARTED
14-02-2023 09:23:54.611 [main] INFO  c.c.a.l.CustomCucumberListener.testStepFinishedHandler - STEP [user verify if login successful] PASSED
14-02-2023 09:23:54.790 [main] INFO  c.c.a.l.CustomCucumberListener.scenarioFinishHandler - ********************************************************************
14-02-2023 09:23:54.791 [main] INFO  c.c.a.l.CustomCucumberListener.scenarioFinishHandler - Scenario [verify Login] completed
14-02-2023 09:23:54.793 [main] INFO  c.c.a.l.CustomCucumberListener.scenarioFinishHandler - SCENARIO : verify Login -> PASSED
14-02-2023 09:23:54.799 [main] INFO  c.c.a.l.CustomCucumberListener.scenarioFinishHandler - ********************************************************************
